<?xml version="1.0" encoding="UTF-8" ?>
<testsuites name="vitest tests" tests="17" failures="0" errors="0" time="0.017326068">
    <testsuite name="src/auth/pkce.test.ts" timestamp="2025-12-23T20:20:15.652Z" hostname="beast" tests="8" failures="0" errors="0" skipped="0" time="0.01024706">
        <testcase classname="src/auth/pkce.test.ts" name="PKCE &gt; generatePKCE &gt; generates a code verifier of 64 characters" time="0.002371503">
        </testcase>
        <testcase classname="src/auth/pkce.test.ts" name="PKCE &gt; generatePKCE &gt; generates a code verifier using only valid characters" time="0.000434161">
        </testcase>
        <testcase classname="src/auth/pkce.test.ts" name="PKCE &gt; generatePKCE &gt; generates a base64url encoded code challenge" time="0.00031451">
        </testcase>
        <testcase classname="src/auth/pkce.test.ts" name="PKCE &gt; generatePKCE &gt; generates different values on each call" time="0.000948794">
        </testcase>
        <testcase classname="src/auth/pkce.test.ts" name="PKCE &gt; generatePKCE &gt; generates a code challenge that is the SHA256 hash of the verifier" time="0.000439383">
        </testcase>
        <testcase classname="src/auth/pkce.test.ts" name="PKCE &gt; sessionStorage helpers &gt; stores and retrieves a code verifier" time="0.004394528">
        </testcase>
        <testcase classname="src/auth/pkce.test.ts" name="PKCE &gt; sessionStorage helpers &gt; returns null when no code verifier is stored" time="0.000170791">
        </testcase>
        <testcase classname="src/auth/pkce.test.ts" name="PKCE &gt; sessionStorage helpers &gt; clears the stored code verifier" time="0.000217095">
        </testcase>
    </testsuite>
    <testsuite name="src/stores/raceIngestion.test.ts" timestamp="2025-12-23T20:20:15.657Z" hostname="beast" tests="9" failures="0" errors="0" skipped="0" time="0.007079008">
        <testcase classname="src/stores/raceIngestion.test.ts" name="raceIngestion store &gt; triggerIngestion &gt; skips ingestion when session is not ready" time="0.002280423">
            <system-out>
[RaceIngestion] Session not ready, skipping ingestion

            </system-out>
        </testcase>
        <testcase classname="src/stores/raceIngestion.test.ts" name="raceIngestion store &gt; triggerIngestion &gt; sets status to loading then success on successful API call" time="0.000440327">
        </testcase>
        <testcase classname="src/stores/raceIngestion.test.ts" name="raceIngestion store &gt; triggerIngestion &gt; sets status to idle when throttled (429)" time="0.000258489">
        </testcase>
        <testcase classname="src/stores/raceIngestion.test.ts" name="raceIngestion store &gt; triggerIngestion &gt; sets status to error on API failure" time="0.000371979">
        </testcase>
        <testcase classname="src/stores/raceIngestion.test.ts" name="raceIngestion store &gt; triggerIngestion &gt; handles non-Error rejection" time="0.000276396">
        </testcase>
        <testcase classname="src/stores/raceIngestion.test.ts" name="raceIngestion store &gt; setupListener &gt; registers listener for stale credentials event" time="0.000959134">
        </testcase>
        <testcase classname="src/stores/raceIngestion.test.ts" name="raceIngestion store &gt; stale credentials handling (via listener) &gt; refreshes token and retries ingestion when refresh succeeds" time="0.000501317">
            <system-out>
[RaceIngestion] Received stale credentials signal, refreshing token...

[RaceIngestion] Session ready, retrying ingestion

            </system-out>
        </testcase>
        <testcase classname="src/stores/raceIngestion.test.ts" name="raceIngestion store &gt; stale credentials handling (via listener) &gt; sets error state when refresh fails" time="0.000562179">
            <system-out>
[RaceIngestion] Received stale credentials signal, refreshing token...

            </system-out>
            <system-err>
[RaceIngestion] Token refresh failed, cannot retry ingestion

            </system-err>
        </testcase>
        <testcase classname="src/stores/raceIngestion.test.ts" name="raceIngestion store &gt; setupRaceIngestionListener &gt; calls setupListener on the store" time="0.000419904">
        </testcase>
    </testsuite>
</testsuites>
